#! /c/Source/iverilog-install/bin/vvp
:ivl_version "12.0 (devel)" "(s20150603-1539-g2693dd32b)";
:ivl_delay_selection "TYPICAL";
:vpi_time_precision + 0;
:vpi_module "D:\AppGallery\iverilog\lib\ivl\system.vpi";
:vpi_module "D:\AppGallery\iverilog\lib\ivl\vhdl_sys.vpi";
:vpi_module "D:\AppGallery\iverilog\lib\ivl\vhdl_textio.vpi";
:vpi_module "D:\AppGallery\iverilog\lib\ivl\v2005_math.vpi";
:vpi_module "D:\AppGallery\iverilog\lib\ivl\va_math.vpi";
S_0000011c85632b80 .scope module, "Add" "Add" 2 29;
 .timescale 0 0;
    .port_info 0 /INPUT 32 "a";
    .port_info 1 /INPUT 32 "b";
    .port_info 2 /OUTPUT 32 "sum";
L_0000011c85a60088 .functor BUFT 1, C4<0>, C4<0>, C4<0>, C4<0>;
v0000011c856fb330_0 .net/2u *"_ivl_114", 0 0, L_0000011c85a60088;  1 drivers
o0000011c8569ba98 .functor BUFZ 16, C4<zzzzzzzzzzzzzzzz>; HiZ drive
; Elide local net with no drivers, v0000011c856fa2f0_0 name=_ivl_118
o0000011c8569bac8 .functor BUFZ 16, C4<zzzzzzzzzzzzzzzz>; HiZ drive
; Elide local net with no drivers, v0000011c856fbab0_0 name=_ivl_121
o0000011c8569baf8 .functor BUFZ 32, C4<zzzzzzzzzzzzzzzzzzzzzzzzzzzzzzzz>; HiZ drive
v0000011c856fb6f0_0 .net "a", 31 0, o0000011c8569baf8;  0 drivers
o0000011c8569bb28 .functor BUFZ 32, C4<zzzzzzzzzzzzzzzzzzzzzzzzzzzzzzzz>; HiZ drive
v0000011c856fb510_0 .net "b", 31 0, o0000011c8569bb28;  0 drivers
v0000011c856fa570_0 .net "sum", 31 0, L_0000011c85706020;  1 drivers
v0000011c856faed0_0 .net "tmpcarry", 32 0, L_0000011c85706980;  1 drivers
L_0000011c856fa070 .part o0000011c8569baf8, 0, 1;
L_0000011c856fb470 .part o0000011c8569bb28, 0, 1;
L_0000011c856fa750 .part L_0000011c85706980, 0, 1;
L_0000011c856fab10 .part o0000011c8569baf8, 1, 1;
L_0000011c856faf70 .part o0000011c8569bb28, 1, 1;
L_0000011c856fad90 .part L_0000011c85706980, 1, 1;
L_0000011c856facf0 .part o0000011c8569baf8, 2, 1;
L_0000011c856fb290 .part o0000011c8569bb28, 2, 1;
L_0000011c856fa7f0 .part L_0000011c85706980, 2, 1;
L_0000011c856fb3d0 .part o0000011c8569baf8, 3, 1;
L_0000011c856fb5b0 .part o0000011c8569bb28, 3, 1;
L_0000011c856fb790 .part L_0000011c85706980, 3, 1;
L_0000011c856fb1f0 .part o0000011c8569baf8, 4, 1;
L_0000011c856fa1b0 .part o0000011c8569bb28, 4, 1;
L_0000011c856fa610 .part L_0000011c85706980, 4, 1;
L_0000011c856fb650 .part o0000011c8569baf8, 5, 1;
L_0000011c856fbc90 .part o0000011c8569bb28, 5, 1;
L_0000011c856fbb50 .part L_0000011c85706980, 5, 1;
L_0000011c856fb830 .part o0000011c8569baf8, 6, 1;
L_0000011c856fb010 .part o0000011c8569bb28, 6, 1;
L_0000011c856fb8d0 .part L_0000011c85706980, 6, 1;
L_0000011c856fa9d0 .part o0000011c8569baf8, 7, 1;
L_0000011c856fbd30 .part o0000011c8569bb28, 7, 1;
L_0000011c856fb0b0 .part L_0000011c85706980, 7, 1;
L_0000011c856fbbf0 .part o0000011c8569baf8, 8, 1;
L_0000011c856fa250 .part o0000011c8569bb28, 8, 1;
L_0000011c856fa6b0 .part L_0000011c85706980, 8, 1;
L_0000011c856fb970 .part o0000011c8569baf8, 9, 1;
L_0000011c856fbdd0 .part o0000011c8569bb28, 9, 1;
L_0000011c856fbe70 .part L_0000011c85706980, 9, 1;
L_0000011c856fa390 .part o0000011c8569baf8, 10, 1;
L_0000011c856fae30 .part o0000011c8569bb28, 10, 1;
L_0000011c856fabb0 .part L_0000011c85706980, 10, 1;
L_0000011c856fa890 .part o0000011c8569baf8, 11, 1;
L_0000011c856fa930 .part o0000011c8569bb28, 11, 1;
L_0000011c856fba10 .part L_0000011c85706980, 11, 1;
L_0000011c856faa70 .part o0000011c8569baf8, 12, 1;
L_0000011c856fac50 .part o0000011c8569bb28, 12, 1;
L_0000011c856fb150 .part L_0000011c85706980, 12, 1;
L_0000011c856f9fd0 .part o0000011c8569baf8, 13, 1;
L_0000011c856fa110 .part o0000011c8569bb28, 13, 1;
L_0000011c856fa430 .part L_0000011c85706980, 13, 1;
L_0000011c856fa4d0 .part o0000011c8569baf8, 14, 1;
L_0000011c857065c0 .part o0000011c8569bb28, 14, 1;
L_0000011c85706160 .part L_0000011c85706980, 14, 1;
L_0000011c85706b60 .part o0000011c8569baf8, 15, 1;
L_0000011c85706a20 .part o0000011c8569bb28, 15, 1;
L_0000011c85706200 .part L_0000011c85706980, 15, 1;
LS_0000011c85706020_0_0 .concat [ 1 1 1 1], L_0000011c85689130, L_0000011c856fc600, L_0000011c856fc910, L_0000011c856fcad0;
LS_0000011c85706020_0_4 .concat [ 1 1 1 1], L_0000011c856fbfe0, L_0000011c856fc0c0, L_0000011c856fcec0, L_0000011c856fe6c0;
LS_0000011c85706020_0_8 .concat [ 1 1 1 1], L_0000011c856fe9d0, L_0000011c856fe1f0, L_0000011c856fe420, L_0000011c856feb90;
LS_0000011c85706020_0_12 .concat [ 1 1 1 1], L_0000011c856feb20, L_0000011c85701d70, L_0000011c85702390, L_0000011c85701de0;
LS_0000011c85706020_0_16 .concat [ 16 0 0 0], o0000011c8569ba98;
LS_0000011c85706020_1_0 .concat [ 4 4 4 4], LS_0000011c85706020_0_0, LS_0000011c85706020_0_4, LS_0000011c85706020_0_8, LS_0000011c85706020_0_12;
LS_0000011c85706020_1_4 .concat [ 16 0 0 0], LS_0000011c85706020_0_16;
L_0000011c85706020 .concat [ 16 16 0 0], LS_0000011c85706020_1_0, LS_0000011c85706020_1_4;
LS_0000011c85706980_0_0 .concat [ 1 1 1 1], L_0000011c85a60088, L_0000011c856fc3d0, L_0000011c856fc280, L_0000011c856fca60;
LS_0000011c85706980_0_4 .concat [ 1 1 1 1], L_0000011c856fcd00, L_0000011c856fc670, L_0000011c856fce50, L_0000011c856fe500;
LS_0000011c85706980_0_8 .concat [ 1 1 1 1], L_0000011c856fe8f0, L_0000011c856fe180, L_0000011c856fed50, L_0000011c856fe730;
LS_0000011c85706980_0_12 .concat [ 1 1 1 1], L_0000011c856fee30, L_0000011c85701b40, L_0000011c85701bb0, L_0000011c857025c0;
LS_0000011c85706980_0_16 .concat [ 1 16 0 0], L_0000011c857017c0, o0000011c8569bac8;
LS_0000011c85706980_1_0 .concat [ 4 4 4 4], LS_0000011c85706980_0_0, LS_0000011c85706980_0_4, LS_0000011c85706980_0_8, LS_0000011c85706980_0_12;
LS_0000011c85706980_1_4 .concat [ 17 0 0 0], LS_0000011c85706980_0_16;
L_0000011c85706980 .concat [ 16 17 0 0], LS_0000011c85706980_1_0, LS_0000011c85706980_1_4;
S_0000011c85632d10 .scope generate, "genblk1[0]" "genblk1[0]" 2 40, 2 40 0, S_0000011c85632b80;
 .timescale 0 0;
P_0000011c85693650 .param/l "i" 0 2 40, +C4<00>;
S_0000011c85698ed0 .scope module, "adderi" "full_adder" 2 41, 2 17 0, S_0000011c85632d10;
 .timescale 0 0;
    .port_info 0 /INPUT 1 "b1";
    .port_info 1 /INPUT 1 "b2";
    .port_info 2 /INPUT 1 "cain";
    .port_info 3 /OUTPUT 1 "sum";
    .port_info 4 /OUTPUT 1 "caout";
L_0000011c85689050 .functor XOR 1, L_0000011c856fa070, L_0000011c856fb470, C4<0>, C4<0>;
L_0000011c85689130 .functor XOR 1, L_0000011c85689050, L_0000011c856fa750, C4<0>, C4<0>;
L_0000011c856894b0 .functor AND 1, L_0000011c856fa070, L_0000011c856fb470, C4<1>, C4<1>;
L_0000011c856891a0 .functor XOR 1, L_0000011c856fa070, L_0000011c856fb470, C4<0>, C4<0>;
L_0000011c856fc1a0 .functor AND 1, L_0000011c856fa750, L_0000011c856891a0, C4<1>, C4<1>;
L_0000011c856fc3d0 .functor OR 1, L_0000011c856894b0, L_0000011c856fc1a0, C4<0>, C4<0>;
v0000011c8568d7d0_0 .net *"_ivl_0", 0 0, L_0000011c85689050;  1 drivers
v0000011c8568c3d0_0 .net *"_ivl_4", 0 0, L_0000011c856894b0;  1 drivers
v0000011c8568c470_0 .net *"_ivl_6", 0 0, L_0000011c856891a0;  1 drivers
v0000011c8568df50_0 .net *"_ivl_8", 0 0, L_0000011c856fc1a0;  1 drivers
v0000011c8568d370_0 .net "b1", 0 0, L_0000011c856fa070;  1 drivers
v0000011c8568c510_0 .net "b2", 0 0, L_0000011c856fb470;  1 drivers
v0000011c8568d4b0_0 .net "cain", 0 0, L_0000011c856fa750;  1 drivers
v0000011c8568c970_0 .net "caout", 0 0, L_0000011c856fc3d0;  1 drivers
v0000011c8568cf10_0 .net "sum", 0 0, L_0000011c85689130;  1 drivers
S_0000011c856f0560 .scope generate, "genblk1[1]" "genblk1[1]" 2 40, 2 40 0, S_0000011c85632b80;
 .timescale 0 0;
P_0000011c85692fd0 .param/l "i" 0 2 40, +C4<01>;
S_0000011c856f06f0 .scope module, "adderi" "full_adder" 2 41, 2 17 0, S_0000011c856f0560;
 .timescale 0 0;
    .port_info 0 /INPUT 1 "b1";
    .port_info 1 /INPUT 1 "b2";
    .port_info 2 /INPUT 1 "cain";
    .port_info 3 /OUTPUT 1 "sum";
    .port_info 4 /OUTPUT 1 "caout";
L_0000011c856fcde0 .functor XOR 1, L_0000011c856fab10, L_0000011c856faf70, C4<0>, C4<0>;
L_0000011c856fc600 .functor XOR 1, L_0000011c856fcde0, L_0000011c856fad90, C4<0>, C4<0>;
L_0000011c856fc830 .functor AND 1, L_0000011c856fab10, L_0000011c856faf70, C4<1>, C4<1>;
L_0000011c856fcd70 .functor XOR 1, L_0000011c856fab10, L_0000011c856faf70, C4<0>, C4<0>;
L_0000011c856fc8a0 .functor AND 1, L_0000011c856fad90, L_0000011c856fcd70, C4<1>, C4<1>;
L_0000011c856fc280 .functor OR 1, L_0000011c856fc830, L_0000011c856fc8a0, C4<0>, C4<0>;
v0000011c8568d0f0_0 .net *"_ivl_0", 0 0, L_0000011c856fcde0;  1 drivers
v0000011c8568d050_0 .net *"_ivl_4", 0 0, L_0000011c856fc830;  1 drivers
v0000011c8568d230_0 .net *"_ivl_6", 0 0, L_0000011c856fcd70;  1 drivers
v0000011c8568d2d0_0 .net *"_ivl_8", 0 0, L_0000011c856fc8a0;  1 drivers
v0000011c8568cb50_0 .net "b1", 0 0, L_0000011c856fab10;  1 drivers
v0000011c8568cbf0_0 .net "b2", 0 0, L_0000011c856faf70;  1 drivers
v0000011c8568dcd0_0 .net "cain", 0 0, L_0000011c856fad90;  1 drivers
v0000011c8568daf0_0 .net "caout", 0 0, L_0000011c856fc280;  1 drivers
v0000011c8568da50_0 .net "sum", 0 0, L_0000011c856fc600;  1 drivers
S_0000011c856f0880 .scope generate, "genblk1[2]" "genblk1[2]" 2 40, 2 40 0, S_0000011c85632b80;
 .timescale 0 0;
P_0000011c856938d0 .param/l "i" 0 2 40, +C4<010>;
S_0000011c856f0a10 .scope module, "adderi" "full_adder" 2 41, 2 17 0, S_0000011c856f0880;
 .timescale 0 0;
    .port_info 0 /INPUT 1 "b1";
    .port_info 1 /INPUT 1 "b2";
    .port_info 2 /INPUT 1 "cain";
    .port_info 3 /OUTPUT 1 "sum";
    .port_info 4 /OUTPUT 1 "caout";
L_0000011c856fc210 .functor XOR 1, L_0000011c856facf0, L_0000011c856fb290, C4<0>, C4<0>;
L_0000011c856fc910 .functor XOR 1, L_0000011c856fc210, L_0000011c856fa7f0, C4<0>, C4<0>;
L_0000011c856fc980 .functor AND 1, L_0000011c856facf0, L_0000011c856fb290, C4<1>, C4<1>;
L_0000011c856fcc20 .functor XOR 1, L_0000011c856facf0, L_0000011c856fb290, C4<0>, C4<0>;
L_0000011c856fc9f0 .functor AND 1, L_0000011c856fa7f0, L_0000011c856fcc20, C4<1>, C4<1>;
L_0000011c856fca60 .functor OR 1, L_0000011c856fc980, L_0000011c856fc9f0, C4<0>, C4<0>;
v0000011c8568dd70_0 .net *"_ivl_0", 0 0, L_0000011c856fc210;  1 drivers
v0000011c8568db90_0 .net *"_ivl_4", 0 0, L_0000011c856fc980;  1 drivers
v0000011c8568de10_0 .net *"_ivl_6", 0 0, L_0000011c856fcc20;  1 drivers
v0000011c8568deb0_0 .net *"_ivl_8", 0 0, L_0000011c856fc9f0;  1 drivers
v0000011c85675ce0_0 .net "b1", 0 0, L_0000011c856facf0;  1 drivers
v0000011c85675880_0 .net "b2", 0 0, L_0000011c856fb290;  1 drivers
v0000011c85676c80_0 .net "cain", 0 0, L_0000011c856fa7f0;  1 drivers
v0000011c85675a60_0 .net "caout", 0 0, L_0000011c856fca60;  1 drivers
v0000011c85675f60_0 .net "sum", 0 0, L_0000011c856fc910;  1 drivers
S_0000011c856f0ba0 .scope generate, "genblk1[3]" "genblk1[3]" 2 40, 2 40 0, S_0000011c85632b80;
 .timescale 0 0;
P_0000011c85692c50 .param/l "i" 0 2 40, +C4<011>;
S_0000011c856f0d30 .scope module, "adderi" "full_adder" 2 41, 2 17 0, S_0000011c856f0ba0;
 .timescale 0 0;
    .port_info 0 /INPUT 1 "b1";
    .port_info 1 /INPUT 1 "b2";
    .port_info 2 /INPUT 1 "cain";
    .port_info 3 /OUTPUT 1 "sum";
    .port_info 4 /OUTPUT 1 "caout";
L_0000011c856fc520 .functor XOR 1, L_0000011c856fb3d0, L_0000011c856fb5b0, C4<0>, C4<0>;
L_0000011c856fcad0 .functor XOR 1, L_0000011c856fc520, L_0000011c856fb790, C4<0>, C4<0>;
L_0000011c856fc440 .functor AND 1, L_0000011c856fb3d0, L_0000011c856fb5b0, C4<1>, C4<1>;
L_0000011c856fcc90 .functor XOR 1, L_0000011c856fb3d0, L_0000011c856fb5b0, C4<0>, C4<0>;
L_0000011c856fc4b0 .functor AND 1, L_0000011c856fb790, L_0000011c856fcc90, C4<1>, C4<1>;
L_0000011c856fcd00 .functor OR 1, L_0000011c856fc440, L_0000011c856fc4b0, C4<0>, C4<0>;
v0000011c856763c0_0 .net *"_ivl_0", 0 0, L_0000011c856fc520;  1 drivers
v0000011c85676500_0 .net *"_ivl_4", 0 0, L_0000011c856fc440;  1 drivers
v0000011c85676d20_0 .net *"_ivl_6", 0 0, L_0000011c856fcc90;  1 drivers
v0000011c856760a0_0 .net *"_ivl_8", 0 0, L_0000011c856fc4b0;  1 drivers
v0000011c85675420_0 .net "b1", 0 0, L_0000011c856fb3d0;  1 drivers
v0000011c85682080_0 .net "b2", 0 0, L_0000011c856fb5b0;  1 drivers
v0000011c85682300_0 .net "cain", 0 0, L_0000011c856fb790;  1 drivers
v0000011c85683ca0_0 .net "caout", 0 0, L_0000011c856fcd00;  1 drivers
v0000011c856823a0_0 .net "sum", 0 0, L_0000011c856fcad0;  1 drivers
S_0000011c856f0ec0 .scope generate, "genblk1[4]" "genblk1[4]" 2 40, 2 40 0, S_0000011c85632b80;
 .timescale 0 0;
P_0000011c85693910 .param/l "i" 0 2 40, +C4<0100>;
S_0000011c856f1050 .scope module, "adderi" "full_adder" 2 41, 2 17 0, S_0000011c856f0ec0;
 .timescale 0 0;
    .port_info 0 /INPUT 1 "b1";
    .port_info 1 /INPUT 1 "b2";
    .port_info 2 /INPUT 1 "cain";
    .port_info 3 /OUTPUT 1 "sum";
    .port_info 4 /OUTPUT 1 "caout";
L_0000011c856fc2f0 .functor XOR 1, L_0000011c856fb1f0, L_0000011c856fa1b0, C4<0>, C4<0>;
L_0000011c856fbfe0 .functor XOR 1, L_0000011c856fc2f0, L_0000011c856fa610, C4<0>, C4<0>;
L_0000011c856fc6e0 .functor AND 1, L_0000011c856fb1f0, L_0000011c856fa1b0, C4<1>, C4<1>;
L_0000011c856fc590 .functor XOR 1, L_0000011c856fb1f0, L_0000011c856fa1b0, C4<0>, C4<0>;
L_0000011c856fc360 .functor AND 1, L_0000011c856fa610, L_0000011c856fc590, C4<1>, C4<1>;
L_0000011c856fc670 .functor OR 1, L_0000011c856fc6e0, L_0000011c856fc360, C4<0>, C4<0>;
v0000011c85683340_0 .net *"_ivl_0", 0 0, L_0000011c856fc2f0;  1 drivers
v0000011c85682940_0 .net *"_ivl_4", 0 0, L_0000011c856fc6e0;  1 drivers
v0000011c85683520_0 .net *"_ivl_6", 0 0, L_0000011c856fc590;  1 drivers
v0000011c856824e0_0 .net *"_ivl_8", 0 0, L_0000011c856fc360;  1 drivers
v0000011c8566ebd0_0 .net "b1", 0 0, L_0000011c856fb1f0;  1 drivers
v0000011c8566edb0_0 .net "b2", 0 0, L_0000011c856fa1b0;  1 drivers
v0000011c8566e1d0_0 .net "cain", 0 0, L_0000011c856fa610;  1 drivers
v0000011c8566e450_0 .net "caout", 0 0, L_0000011c856fc670;  1 drivers
v0000011c856f29f0_0 .net "sum", 0 0, L_0000011c856fbfe0;  1 drivers
S_0000011c856f31f0 .scope generate, "genblk1[5]" "genblk1[5]" 2 40, 2 40 0, S_0000011c85632b80;
 .timescale 0 0;
P_0000011c856931d0 .param/l "i" 0 2 40, +C4<0101>;
S_0000011c856f3380 .scope module, "adderi" "full_adder" 2 41, 2 17 0, S_0000011c856f31f0;
 .timescale 0 0;
    .port_info 0 /INPUT 1 "b1";
    .port_info 1 /INPUT 1 "b2";
    .port_info 2 /INPUT 1 "cain";
    .port_info 3 /OUTPUT 1 "sum";
    .port_info 4 /OUTPUT 1 "caout";
L_0000011c856fc050 .functor XOR 1, L_0000011c856fb650, L_0000011c856fbc90, C4<0>, C4<0>;
L_0000011c856fc0c0 .functor XOR 1, L_0000011c856fc050, L_0000011c856fbb50, C4<0>, C4<0>;
L_0000011c856fc750 .functor AND 1, L_0000011c856fb650, L_0000011c856fbc90, C4<1>, C4<1>;
L_0000011c856fcb40 .functor XOR 1, L_0000011c856fb650, L_0000011c856fbc90, C4<0>, C4<0>;
L_0000011c856fc7c0 .functor AND 1, L_0000011c856fbb50, L_0000011c856fcb40, C4<1>, C4<1>;
L_0000011c856fce50 .functor OR 1, L_0000011c856fc750, L_0000011c856fc7c0, C4<0>, C4<0>;
v0000011c856f2090_0 .net *"_ivl_0", 0 0, L_0000011c856fc050;  1 drivers
v0000011c856f2810_0 .net *"_ivl_4", 0 0, L_0000011c856fc750;  1 drivers
v0000011c856f17d0_0 .net *"_ivl_6", 0 0, L_0000011c856fcb40;  1 drivers
v0000011c856f28b0_0 .net *"_ivl_8", 0 0, L_0000011c856fc7c0;  1 drivers
v0000011c856f1730_0 .net "b1", 0 0, L_0000011c856fb650;  1 drivers
v0000011c856f2db0_0 .net "b2", 0 0, L_0000011c856fbc90;  1 drivers
v0000011c856f1a50_0 .net "cain", 0 0, L_0000011c856fbb50;  1 drivers
v0000011c856f30d0_0 .net "caout", 0 0, L_0000011c856fce50;  1 drivers
v0000011c856f1410_0 .net "sum", 0 0, L_0000011c856fc0c0;  1 drivers
S_0000011c856f35a0 .scope generate, "genblk1[6]" "genblk1[6]" 2 40, 2 40 0, S_0000011c85632b80;
 .timescale 0 0;
P_0000011c85693990 .param/l "i" 0 2 40, +C4<0110>;
S_0000011c856f3730 .scope module, "adderi" "full_adder" 2 41, 2 17 0, S_0000011c856f35a0;
 .timescale 0 0;
    .port_info 0 /INPUT 1 "b1";
    .port_info 1 /INPUT 1 "b2";
    .port_info 2 /INPUT 1 "cain";
    .port_info 3 /OUTPUT 1 "sum";
    .port_info 4 /OUTPUT 1 "caout";
L_0000011c856fc130 .functor XOR 1, L_0000011c856fb830, L_0000011c856fb010, C4<0>, C4<0>;
L_0000011c856fcec0 .functor XOR 1, L_0000011c856fc130, L_0000011c856fb8d0, C4<0>, C4<0>;
L_0000011c856fcbb0 .functor AND 1, L_0000011c856fb830, L_0000011c856fb010, C4<1>, C4<1>;
L_0000011c856fe0a0 .functor XOR 1, L_0000011c856fb830, L_0000011c856fb010, C4<0>, C4<0>;
L_0000011c856fece0 .functor AND 1, L_0000011c856fb8d0, L_0000011c856fe0a0, C4<1>, C4<1>;
L_0000011c856fe500 .functor OR 1, L_0000011c856fcbb0, L_0000011c856fece0, C4<0>, C4<0>;
v0000011c856f2ef0_0 .net *"_ivl_0", 0 0, L_0000011c856fc130;  1 drivers
v0000011c856f1550_0 .net *"_ivl_4", 0 0, L_0000011c856fcbb0;  1 drivers
v0000011c856f1910_0 .net *"_ivl_6", 0 0, L_0000011c856fe0a0;  1 drivers
v0000011c856f2c70_0 .net *"_ivl_8", 0 0, L_0000011c856fece0;  1 drivers
v0000011c856f1230_0 .net "b1", 0 0, L_0000011c856fb830;  1 drivers
v0000011c856f12d0_0 .net "b2", 0 0, L_0000011c856fb010;  1 drivers
v0000011c856f2d10_0 .net "cain", 0 0, L_0000011c856fb8d0;  1 drivers
v0000011c856f2630_0 .net "caout", 0 0, L_0000011c856fe500;  1 drivers
v0000011c856f19b0_0 .net "sum", 0 0, L_0000011c856fcec0;  1 drivers
S_0000011c856f3950 .scope generate, "genblk1[7]" "genblk1[7]" 2 40, 2 40 0, S_0000011c85632b80;
 .timescale 0 0;
P_0000011c85693010 .param/l "i" 0 2 40, +C4<0111>;
S_0000011c856f3ae0 .scope module, "adderi" "full_adder" 2 41, 2 17 0, S_0000011c856f3950;
 .timescale 0 0;
    .port_info 0 /INPUT 1 "b1";
    .port_info 1 /INPUT 1 "b2";
    .port_info 2 /INPUT 1 "cain";
    .port_info 3 /OUTPUT 1 "sum";
    .port_info 4 /OUTPUT 1 "caout";
L_0000011c856fe490 .functor XOR 1, L_0000011c856fa9d0, L_0000011c856fbd30, C4<0>, C4<0>;
L_0000011c856fe6c0 .functor XOR 1, L_0000011c856fe490, L_0000011c856fb0b0, C4<0>, C4<0>;
L_0000011c856fef10 .functor AND 1, L_0000011c856fa9d0, L_0000011c856fbd30, C4<1>, C4<1>;
L_0000011c856fe810 .functor XOR 1, L_0000011c856fa9d0, L_0000011c856fbd30, C4<0>, C4<0>;
L_0000011c856fe7a0 .functor AND 1, L_0000011c856fb0b0, L_0000011c856fe810, C4<1>, C4<1>;
L_0000011c856fe8f0 .functor OR 1, L_0000011c856fef10, L_0000011c856fe7a0, C4<0>, C4<0>;
v0000011c856f2770_0 .net *"_ivl_0", 0 0, L_0000011c856fe490;  1 drivers
v0000011c856f1af0_0 .net *"_ivl_4", 0 0, L_0000011c856fef10;  1 drivers
v0000011c856f1e10_0 .net *"_ivl_6", 0 0, L_0000011c856fe810;  1 drivers
v0000011c856f21d0_0 .net *"_ivl_8", 0 0, L_0000011c856fe7a0;  1 drivers
v0000011c856f1370_0 .net "b1", 0 0, L_0000011c856fa9d0;  1 drivers
v0000011c856f2f90_0 .net "b2", 0 0, L_0000011c856fbd30;  1 drivers
v0000011c856f14b0_0 .net "cain", 0 0, L_0000011c856fb0b0;  1 drivers
v0000011c856f15f0_0 .net "caout", 0 0, L_0000011c856fe8f0;  1 drivers
v0000011c856f2270_0 .net "sum", 0 0, L_0000011c856fe6c0;  1 drivers
S_0000011c856f4390 .scope generate, "genblk1[8]" "genblk1[8]" 2 40, 2 40 0, S_0000011c85632b80;
 .timescale 0 0;
P_0000011c85693710 .param/l "i" 0 2 40, +C4<01000>;
S_0000011c856f4070 .scope module, "adderi" "full_adder" 2 41, 2 17 0, S_0000011c856f4390;
 .timescale 0 0;
    .port_info 0 /INPUT 1 "b1";
    .port_info 1 /INPUT 1 "b2";
    .port_info 2 /INPUT 1 "cain";
    .port_info 3 /OUTPUT 1 "sum";
    .port_info 4 /OUTPUT 1 "caout";
L_0000011c856fea40 .functor XOR 1, L_0000011c856fbbf0, L_0000011c856fa250, C4<0>, C4<0>;
L_0000011c856fe9d0 .functor XOR 1, L_0000011c856fea40, L_0000011c856fa6b0, C4<0>, C4<0>;
L_0000011c856fe650 .functor AND 1, L_0000011c856fbbf0, L_0000011c856fa250, C4<1>, C4<1>;
L_0000011c856fe570 .functor XOR 1, L_0000011c856fbbf0, L_0000011c856fa250, C4<0>, C4<0>;
L_0000011c856feea0 .functor AND 1, L_0000011c856fa6b0, L_0000011c856fe570, C4<1>, C4<1>;
L_0000011c856fe180 .functor OR 1, L_0000011c856fe650, L_0000011c856feea0, C4<0>, C4<0>;
v0000011c856f2950_0 .net *"_ivl_0", 0 0, L_0000011c856fea40;  1 drivers
v0000011c856f23b0_0 .net *"_ivl_4", 0 0, L_0000011c856fe650;  1 drivers
v0000011c856f2130_0 .net *"_ivl_6", 0 0, L_0000011c856fe570;  1 drivers
v0000011c856f2450_0 .net *"_ivl_8", 0 0, L_0000011c856feea0;  1 drivers
v0000011c856f1eb0_0 .net "b1", 0 0, L_0000011c856fbbf0;  1 drivers
v0000011c856f1690_0 .net "b2", 0 0, L_0000011c856fa250;  1 drivers
v0000011c856f2a90_0 .net "cain", 0 0, L_0000011c856fa6b0;  1 drivers
v0000011c856f1870_0 .net "caout", 0 0, L_0000011c856fe180;  1 drivers
v0000011c856f2e50_0 .net "sum", 0 0, L_0000011c856fe9d0;  1 drivers
S_0000011c856f4200 .scope generate, "genblk1[9]" "genblk1[9]" 2 40, 2 40 0, S_0000011c85632b80;
 .timescale 0 0;
P_0000011c85693490 .param/l "i" 0 2 40, +C4<01001>;
S_0000011c856f49d0 .scope module, "adderi" "full_adder" 2 41, 2 17 0, S_0000011c856f4200;
 .timescale 0 0;
    .port_info 0 /INPUT 1 "b1";
    .port_info 1 /INPUT 1 "b2";
    .port_info 2 /INPUT 1 "cain";
    .port_info 3 /OUTPUT 1 "sum";
    .port_info 4 /OUTPUT 1 "caout";
L_0000011c856fe110 .functor XOR 1, L_0000011c856fb970, L_0000011c856fbdd0, C4<0>, C4<0>;
L_0000011c856fe1f0 .functor XOR 1, L_0000011c856fe110, L_0000011c856fbe70, C4<0>, C4<0>;
L_0000011c856fe2d0 .functor AND 1, L_0000011c856fb970, L_0000011c856fbdd0, C4<1>, C4<1>;
L_0000011c856fec70 .functor XOR 1, L_0000011c856fb970, L_0000011c856fbdd0, C4<0>, C4<0>;
L_0000011c856fe880 .functor AND 1, L_0000011c856fbe70, L_0000011c856fec70, C4<1>, C4<1>;
L_0000011c856fed50 .functor OR 1, L_0000011c856fe2d0, L_0000011c856fe880, C4<0>, C4<0>;
v0000011c856f24f0_0 .net *"_ivl_0", 0 0, L_0000011c856fe110;  1 drivers
v0000011c856f26d0_0 .net *"_ivl_4", 0 0, L_0000011c856fe2d0;  1 drivers
v0000011c856f2310_0 .net *"_ivl_6", 0 0, L_0000011c856fec70;  1 drivers
v0000011c856f2b30_0 .net *"_ivl_8", 0 0, L_0000011c856fe880;  1 drivers
v0000011c856f1b90_0 .net "b1", 0 0, L_0000011c856fb970;  1 drivers
v0000011c856f2bd0_0 .net "b2", 0 0, L_0000011c856fbdd0;  1 drivers
v0000011c856f2590_0 .net "cain", 0 0, L_0000011c856fbe70;  1 drivers
v0000011c856f3030_0 .net "caout", 0 0, L_0000011c856fed50;  1 drivers
v0000011c856f1c30_0 .net "sum", 0 0, L_0000011c856fe1f0;  1 drivers
S_0000011c856f4520 .scope generate, "genblk1[10]" "genblk1[10]" 2 40, 2 40 0, S_0000011c85632b80;
 .timescale 0 0;
P_0000011c85693b50 .param/l "i" 0 2 40, +C4<01010>;
S_0000011c856f46b0 .scope module, "adderi" "full_adder" 2 41, 2 17 0, S_0000011c856f4520;
 .timescale 0 0;
    .port_info 0 /INPUT 1 "b1";
    .port_info 1 /INPUT 1 "b2";
    .port_info 2 /INPUT 1 "cain";
    .port_info 3 /OUTPUT 1 "sum";
    .port_info 4 /OUTPUT 1 "caout";
L_0000011c856fe260 .functor XOR 1, L_0000011c856fa390, L_0000011c856fae30, C4<0>, C4<0>;
L_0000011c856fe420 .functor XOR 1, L_0000011c856fe260, L_0000011c856fabb0, C4<0>, C4<0>;
L_0000011c856fe960 .functor AND 1, L_0000011c856fa390, L_0000011c856fae30, C4<1>, C4<1>;
L_0000011c856fe5e0 .functor XOR 1, L_0000011c856fa390, L_0000011c856fae30, C4<0>, C4<0>;
L_0000011c856feab0 .functor AND 1, L_0000011c856fabb0, L_0000011c856fe5e0, C4<1>, C4<1>;
L_0000011c856fe730 .functor OR 1, L_0000011c856fe960, L_0000011c856feab0, C4<0>, C4<0>;
v0000011c856f1cd0_0 .net *"_ivl_0", 0 0, L_0000011c856fe260;  1 drivers
v0000011c856f1d70_0 .net *"_ivl_4", 0 0, L_0000011c856fe960;  1 drivers
v0000011c856f1f50_0 .net *"_ivl_6", 0 0, L_0000011c856fe5e0;  1 drivers
v0000011c856f1ff0_0 .net *"_ivl_8", 0 0, L_0000011c856feab0;  1 drivers
v0000011c856f6bd0_0 .net "b1", 0 0, L_0000011c856fa390;  1 drivers
v0000011c856f5690_0 .net "b2", 0 0, L_0000011c856fae30;  1 drivers
v0000011c856f6c70_0 .net "cain", 0 0, L_0000011c856fabb0;  1 drivers
v0000011c856f5c30_0 .net "caout", 0 0, L_0000011c856fe730;  1 drivers
v0000011c856f4f10_0 .net "sum", 0 0, L_0000011c856fe420;  1 drivers
S_0000011c856f3ee0 .scope generate, "genblk1[11]" "genblk1[11]" 2 40, 2 40 0, S_0000011c85632b80;
 .timescale 0 0;
P_0000011c85693290 .param/l "i" 0 2 40, +C4<01011>;
S_0000011c856f3d50 .scope module, "adderi" "full_adder" 2 41, 2 17 0, S_0000011c856f3ee0;
 .timescale 0 0;
    .port_info 0 /INPUT 1 "b1";
    .port_info 1 /INPUT 1 "b2";
    .port_info 2 /INPUT 1 "cain";
    .port_info 3 /OUTPUT 1 "sum";
    .port_info 4 /OUTPUT 1 "caout";
L_0000011c856fec00 .functor XOR 1, L_0000011c856fa890, L_0000011c856fa930, C4<0>, C4<0>;
L_0000011c856feb90 .functor XOR 1, L_0000011c856fec00, L_0000011c856fba10, C4<0>, C4<0>;
L_0000011c856fedc0 .functor AND 1, L_0000011c856fa890, L_0000011c856fa930, C4<1>, C4<1>;
L_0000011c856fe340 .functor XOR 1, L_0000011c856fa890, L_0000011c856fa930, C4<0>, C4<0>;
L_0000011c856fe3b0 .functor AND 1, L_0000011c856fba10, L_0000011c856fe340, C4<1>, C4<1>;
L_0000011c856fee30 .functor OR 1, L_0000011c856fedc0, L_0000011c856fe3b0, C4<0>, C4<0>;
v0000011c856f61d0_0 .net *"_ivl_0", 0 0, L_0000011c856fec00;  1 drivers
v0000011c856f6d10_0 .net *"_ivl_4", 0 0, L_0000011c856fedc0;  1 drivers
v0000011c856f6db0_0 .net *"_ivl_6", 0 0, L_0000011c856fe340;  1 drivers
v0000011c856f4fb0_0 .net *"_ivl_8", 0 0, L_0000011c856fe3b0;  1 drivers
v0000011c856f5af0_0 .net "b1", 0 0, L_0000011c856fa890;  1 drivers
v0000011c856f50f0_0 .net "b2", 0 0, L_0000011c856fa930;  1 drivers
v0000011c856f5050_0 .net "cain", 0 0, L_0000011c856fba10;  1 drivers
v0000011c856f5190_0 .net "caout", 0 0, L_0000011c856fee30;  1 drivers
v0000011c856f5d70_0 .net "sum", 0 0, L_0000011c856feb90;  1 drivers
S_0000011c856f4840 .scope generate, "genblk1[12]" "genblk1[12]" 2 40, 2 40 0, S_0000011c85632b80;
 .timescale 0 0;
P_0000011c85693750 .param/l "i" 0 2 40, +C4<01100>;
S_0000011c856f4b60 .scope module, "adderi" "full_adder" 2 41, 2 17 0, S_0000011c856f4840;
 .timescale 0 0;
    .port_info 0 /INPUT 1 "b1";
    .port_info 1 /INPUT 1 "b2";
    .port_info 2 /INPUT 1 "cain";
    .port_info 3 /OUTPUT 1 "sum";
    .port_info 4 /OUTPUT 1 "caout";
L_0000011c856fef80 .functor XOR 1, L_0000011c856faa70, L_0000011c856fac50, C4<0>, C4<0>;
L_0000011c856feb20 .functor XOR 1, L_0000011c856fef80, L_0000011c856fb150, C4<0>, C4<0>;
L_0000011c857022b0 .functor AND 1, L_0000011c856faa70, L_0000011c856fac50, C4<1>, C4<1>;
L_0000011c85702080 .functor XOR 1, L_0000011c856faa70, L_0000011c856fac50, C4<0>, C4<0>;
L_0000011c857020f0 .functor AND 1, L_0000011c856fb150, L_0000011c85702080, C4<1>, C4<1>;
L_0000011c85701b40 .functor OR 1, L_0000011c857022b0, L_0000011c857020f0, C4<0>, C4<0>;
v0000011c856f6090_0 .net *"_ivl_0", 0 0, L_0000011c856fef80;  1 drivers
v0000011c856f5550_0 .net *"_ivl_4", 0 0, L_0000011c857022b0;  1 drivers
v0000011c856f5230_0 .net *"_ivl_6", 0 0, L_0000011c85702080;  1 drivers
v0000011c856f69f0_0 .net *"_ivl_8", 0 0, L_0000011c857020f0;  1 drivers
v0000011c856f6810_0 .net "b1", 0 0, L_0000011c856faa70;  1 drivers
v0000011c856f52d0_0 .net "b2", 0 0, L_0000011c856fac50;  1 drivers
v0000011c856f5b90_0 .net "cain", 0 0, L_0000011c856fb150;  1 drivers
v0000011c856f6270_0 .net "caout", 0 0, L_0000011c85701b40;  1 drivers
v0000011c856f5eb0_0 .net "sum", 0 0, L_0000011c856feb20;  1 drivers
S_0000011c856f95a0 .scope generate, "genblk1[13]" "genblk1[13]" 2 40, 2 40 0, S_0000011c85632b80;
 .timescale 0 0;
P_0000011c85693250 .param/l "i" 0 2 40, +C4<01101>;
S_0000011c856f8470 .scope module, "adderi" "full_adder" 2 41, 2 17 0, S_0000011c856f95a0;
 .timescale 0 0;
    .port_info 0 /INPUT 1 "b1";
    .port_info 1 /INPUT 1 "b2";
    .port_info 2 /INPUT 1 "cain";
    .port_info 3 /OUTPUT 1 "sum";
    .port_info 4 /OUTPUT 1 "caout";
L_0000011c85702160 .functor XOR 1, L_0000011c856f9fd0, L_0000011c856fa110, C4<0>, C4<0>;
L_0000011c85701d70 .functor XOR 1, L_0000011c85702160, L_0000011c856fa430, C4<0>, C4<0>;
L_0000011c85701ec0 .functor AND 1, L_0000011c856f9fd0, L_0000011c856fa110, C4<1>, C4<1>;
L_0000011c85702320 .functor XOR 1, L_0000011c856f9fd0, L_0000011c856fa110, C4<0>, C4<0>;
L_0000011c85701a60 .functor AND 1, L_0000011c856fa430, L_0000011c85702320, C4<1>, C4<1>;
L_0000011c85701bb0 .functor OR 1, L_0000011c85701ec0, L_0000011c85701a60, C4<0>, C4<0>;
v0000011c856f5370_0 .net *"_ivl_0", 0 0, L_0000011c85702160;  1 drivers
v0000011c856f5410_0 .net *"_ivl_4", 0 0, L_0000011c85701ec0;  1 drivers
v0000011c856f5f50_0 .net *"_ivl_6", 0 0, L_0000011c85702320;  1 drivers
v0000011c856f6950_0 .net *"_ivl_8", 0 0, L_0000011c85701a60;  1 drivers
v0000011c856f5cd0_0 .net "b1", 0 0, L_0000011c856f9fd0;  1 drivers
v0000011c856f6630_0 .net "b2", 0 0, L_0000011c856fa110;  1 drivers
v0000011c856f55f0_0 .net "cain", 0 0, L_0000011c856fa430;  1 drivers
v0000011c856f64f0_0 .net "caout", 0 0, L_0000011c85701bb0;  1 drivers
v0000011c856f54b0_0 .net "sum", 0 0, L_0000011c85701d70;  1 drivers
S_0000011c856f9280 .scope generate, "genblk1[14]" "genblk1[14]" 2 40, 2 40 0, S_0000011c85632b80;
 .timescale 0 0;
P_0000011c85692e90 .param/l "i" 0 2 40, +C4<01110>;
S_0000011c856f9be0 .scope module, "adderi" "full_adder" 2 41, 2 17 0, S_0000011c856f9280;
 .timescale 0 0;
    .port_info 0 /INPUT 1 "b1";
    .port_info 1 /INPUT 1 "b2";
    .port_info 2 /INPUT 1 "cain";
    .port_info 3 /OUTPUT 1 "sum";
    .port_info 4 /OUTPUT 1 "caout";
L_0000011c85701d00 .functor XOR 1, L_0000011c856fa4d0, L_0000011c857065c0, C4<0>, C4<0>;
L_0000011c85702390 .functor XOR 1, L_0000011c85701d00, L_0000011c85706160, C4<0>, C4<0>;
L_0000011c857024e0 .functor AND 1, L_0000011c856fa4d0, L_0000011c857065c0, C4<1>, C4<1>;
L_0000011c85701ad0 .functor XOR 1, L_0000011c856fa4d0, L_0000011c857065c0, C4<0>, C4<0>;
L_0000011c85701c20 .functor AND 1, L_0000011c85706160, L_0000011c85701ad0, C4<1>, C4<1>;
L_0000011c857025c0 .functor OR 1, L_0000011c857024e0, L_0000011c85701c20, C4<0>, C4<0>;
v0000011c856f6b30_0 .net *"_ivl_0", 0 0, L_0000011c85701d00;  1 drivers
v0000011c856f5730_0 .net *"_ivl_4", 0 0, L_0000011c857024e0;  1 drivers
v0000011c856f5e10_0 .net *"_ivl_6", 0 0, L_0000011c85701ad0;  1 drivers
v0000011c856f5870_0 .net *"_ivl_8", 0 0, L_0000011c85701c20;  1 drivers
v0000011c856f6a90_0 .net "b1", 0 0, L_0000011c856fa4d0;  1 drivers
v0000011c856f57d0_0 .net "b2", 0 0, L_0000011c857065c0;  1 drivers
v0000011c856f5910_0 .net "cain", 0 0, L_0000011c85706160;  1 drivers
v0000011c856f5ff0_0 .net "caout", 0 0, L_0000011c857025c0;  1 drivers
v0000011c856f6590_0 .net "sum", 0 0, L_0000011c85702390;  1 drivers
S_0000011c856f90f0 .scope generate, "genblk1[15]" "genblk1[15]" 2 40, 2 40 0, S_0000011c85632b80;
 .timescale 0 0;
P_0000011c85692d50 .param/l "i" 0 2 40, +C4<01111>;
S_0000011c856f9410 .scope module, "adderi" "full_adder" 2 41, 2 17 0, S_0000011c856f90f0;
 .timescale 0 0;
    .port_info 0 /INPUT 1 "b1";
    .port_info 1 /INPUT 1 "b2";
    .port_info 2 /INPUT 1 "cain";
    .port_info 3 /OUTPUT 1 "sum";
    .port_info 4 /OUTPUT 1 "caout";
L_0000011c85702400 .functor XOR 1, L_0000011c85706b60, L_0000011c85706a20, C4<0>, C4<0>;
L_0000011c85701de0 .functor XOR 1, L_0000011c85702400, L_0000011c85706200, C4<0>, C4<0>;
L_0000011c85702630 .functor AND 1, L_0000011c85706b60, L_0000011c85706a20, C4<1>, C4<1>;
L_0000011c857021d0 .functor XOR 1, L_0000011c85706b60, L_0000011c85706a20, C4<0>, C4<0>;
L_0000011c85702470 .functor AND 1, L_0000011c85706200, L_0000011c857021d0, C4<1>, C4<1>;
L_0000011c857017c0 .functor OR 1, L_0000011c85702630, L_0000011c85702470, C4<0>, C4<0>;
v0000011c856f59b0_0 .net *"_ivl_0", 0 0, L_0000011c85702400;  1 drivers
v0000011c856f5a50_0 .net *"_ivl_4", 0 0, L_0000011c85702630;  1 drivers
v0000011c856f6130_0 .net *"_ivl_6", 0 0, L_0000011c857021d0;  1 drivers
v0000011c856f6310_0 .net *"_ivl_8", 0 0, L_0000011c85702470;  1 drivers
v0000011c856f63b0_0 .net "b1", 0 0, L_0000011c85706b60;  1 drivers
v0000011c856f6450_0 .net "b2", 0 0, L_0000011c85706a20;  1 drivers
v0000011c856f66d0_0 .net "cain", 0 0, L_0000011c85706200;  1 drivers
v0000011c856f6770_0 .net "caout", 0 0, L_0000011c857017c0;  1 drivers
v0000011c856f68b0_0 .net "sum", 0 0, L_0000011c85701de0;  1 drivers
# The file index is used to find the file name in the following table.
:file_names 3;
    "N/A";
    "<interactive>";
    "adder-ripple.v";
